<?xml version="1.0" encoding="UTF-8"?>
<testsuite name="WebpageTest" tests="1" skipped="0" failures="0" errors="0" timestamp="2025-06-09T09:15:44" hostname="KARBHAT" time="1.216">
  <properties/>
  <testcase name="titleValidationTest" classname="WebpageTest" time="1.216"/>
  <system-out><![CDATA[]]></system-out>
  <system-err><![CDATA[]]></system-err>
</testsuite>
